<?xml version="1.0" encoding="UTF-8"?>
<!-- Generated by org.testng.reporters.JUnitXMLReporter -->
<testsuite hostname="IT000744.local" name="com.FirstTest" tests="1" failures="1" timestamp="15 Mar 2020 18:17:11 GMT" time="141.169" errors="0">
  <testcase name="GOOGLE0" time="139.047" classname="com.FirstTest">
    <failure type="java.lang.AssertionError" message="expected:&amp;lt;Dashboard&amp;gt; but was:&amp;lt;&amp;gt;">
      <![CDATA[java.lang.AssertionError: expected:<Dashboard> but was:<>
	at com.FirstTest.GOOGLE0(FirstTest.java:33)
	at java.util.concurrent.ThreadPoolExecutor.runWorker(ThreadPoolExecutor.java:1149)
	at java.util.concurrent.ThreadPoolExecutor$Worker.run(ThreadPoolExecutor.java:624)
	at java.lang.Thread.run(Thread.java:748)
... Removed 15 stack frames]]>
    </failure>
  </testcase>
</testsuite>
