<?xml version="1.0" encoding="UTF-8"?>
<testsuite name="TestSuite" time="415.773" tests="2" errors="0" skipped="0" failures="1">
  <properties>
[...]
</properties>
  <testcase name="GOOGLE0" classname="com.FirstTest" time="138.017">
    <failure message="expected:&lt;Dashboard&gt; but was:&lt;&gt;" type="java.lang.AssertionError"><![CDATA[java.lang.AssertionError: expected:<Dashboard> but was:<>
	at org.testng.Assert.fail(Assert.java:89)
	at org.testng.Assert.failNotEquals(Assert.java:489)
	at org.testng.Assert.assertEquals(Assert.java:118)
	at org.testng.Assert.assertEquals(Assert.java:171)
	at org.testng.Assert.assertEquals(Assert.java:181)
	at com.FirstTest.GOOGLE0(FirstTest.java:33)
]]></failure>
    <system-out>chrome
Capabilities {browserName: chrome}
chrome
Capabilities {browserName: chrome}
OpenAM Test Started! 12
OpenAM Test Started! 13
Google0 Test's Page title is: OpenAM 12
Google0 Test's Page title is: OpenAM 13
OpenAM Test Ended! 12
OpenAM Test Ended! 13
</system-out>
    <system-err>Starting ChromeDriver 80.0.3987.106 (f68069574609230cf9b635cd784cfb1bf81bb53a-refs/branch-heads/3987@{#882}) on port 41965
Only local connections are allowed.
Please protect ports used by ChromeDriver and related test frameworks to prevent access by malicious code.
Mar 15, 2020 11:44:46 PM org.openqa.selenium.remote.ProtocolHandshake createSession
INFO: Detected dialect: W3C
Starting ChromeDriver 80.0.3987.106 (f68069574609230cf9b635cd784cfb1bf81bb53a-refs/branch-heads/3987@{#882}) on port 10473
Only local connections are allowed.
Please protect ports used by ChromeDriver and related test frameworks to prevent access by malicious code.
Mar 15, 2020 11:44:47 PM org.openqa.selenium.remote.ProtocolHandshake createSession
INFO: Detected dialect: W3C
[1584296091.288][SEVERE]: Timed out receiving message from renderer: 0.100
[1584296091.389][SEVERE]: Timed out receiving message from renderer: 0.100
[1584296091.490][SEVERE]: Timed out receiving message from renderer: 0.100
[1584296091.593][SEVERE]: Timed out receiving message from renderer: 0.100
[1584296091.695][SEVERE]: Timed out receiving message from renderer: 0.100
[1584296091.797][SEVERE]: Timed out receiving message from renderer: 0.100
[1584296091.903][SEVERE]: Timed out receiving message from renderer: 0.100
[1584296091.904][SEVERE]: Timed out receiving message from renderer: 0.100
[[1584296092.006][SEVERE]: Timed out receiving message from 1584296092.006][SEVERE]: Timed out receiving messagre from renderer: 0.100
enderer: 0.100
[158[15842964296092.108][SEVERE]: Timed out receiving message from renderer: 0.100
092.108][SEVERE]: Timed out receiving message from renderer: 0.100
[1584296092.211][SEVERE]: Timed out receiving message from renderer: 0.100
[1584296092.212][SEVERE]: Timed out receiving message from renderer: 0.100
[1[1584296092.314][SEVERE]: Timed out receiving message from renderer: 0.100
584296092.314][SEVERE]: Timed out receiving message from renderer: 0.100
[15[1584296092.416][SEVERE]: Timed out re8ceiving message from renderer: 0.100
4296092.416][SEVERE]: Timed out receiving message from renderer: 0.100
[1584296092.[1584296092.518][SEVERE]: Timed out receiving message from renderer: 0.100
518][SEVERE]: Timed out receiving message from renderer: 0.100
[1584296092.620][SEVERE]: Timed [1584296092.620][Sout receiving message from renderer: EVERE]: Timed out receiving 0message f.100
rom renderer: 0.100
[1584296092.721[15][SEVERE]: Timed out receiving message from renderer: 0.100
84296092.721][SEVERE]: Timed out receiving message from renderer: 0.100
[1584296092.824[1584296092][SEVERE]: Timed out receiving message from renderer: 0.100
.824][SEVERE]: Timed out receiving message from renderer: 0.100
[1584296092.926][SEVERE]: Timed out receiving message from renderer: 0.100
[1584296092.927][SEVERE]: Timed out receiving message from renderer: 0.100
[1584296093.028][SEVERE]: Timed out receiving message from renderer: 0.100
[1584296093.028][SEVERE]: Timed out receiving message from renderer: 0.100
[1584296093.129][SEVERE]: Timed out receiving message from renderer: 0.100
[1584296093.132][SEVERE]: Timed out receiving message from renderer: 0.100
[1584296093.231][SEVERE]: Timed out receiving message from renderer: 0.100
[1584296093.234][SEVERE]: Timed out receiving message from renderer: 0.100
[1584296093.332][SEVERE]: Timed out receiving message from renderer: 0.100
[1584296093.335][SEVERE]: Timed out receiving message from renderer: 0.100
[1584296093.434][SEVERE]: Timed out receiving message from renderer: 0.100
[1584296093.437][SEVERE]: Timed out receiving message from renderer: 0.100
[1584296093.535][SEVERE]: Timed out receiving message from renderer: 0.100
[1584296093.538][SEVERE]: Timed out receiving message from renderer: 0.100
[1584296093.636][SEVERE]: Timed out receiving message from renderer: 0.100
[1584296093.639][SEVERE]: Timed out receiving message from renderer: 0.100
[1584296093.737][SEVERE]: Timed out receiving message from renderer: 0.100
[1584296093.741][SEVERE]: Timed out receiving message from renderer: 0.100
[1584296093.839][SEVERE]: Timed out receiving message from renderer: 0.100
[1584296093.842][SEVERE]: Timed out receiving message from renderer: 0.100
[1584296093.941][SEVERE]: Timed out receiving message from renderer: 0.100
[1584296093.944][SEVERE]: Timed out receiving message from renderer: 0.100
[1584296094.042][SEVERE]: Timed out receiving message from renderer: 0.100
[1584296094.045][SEVERE]: Timed out receiving message from renderer: 0.100
[1584296094.144][SEVERE]: Timed out receiving message from renderer: 0.100
[1584296094.147][SEVERE]: Timed out receiving message from renderer: 0.100
[1584296094.245][SEVERE]: Timed out receiving message from renderer: 0.100
[1584296094.248][SEVERE]: Timed out receiving message from renderer: 0.100
[1584296094.346][SEVERE]: Timed out receiving message from renderer: 0.100
[1584296094.349][SEVERE]: Timed out receiving message from renderer: 0.100
[1584296094.449][SEVERE]: Timed out receiving message from renderer: 0.100
[1584296094.451][SEVERE]: Timed out receiving message from renderer: 0.100
[1584296094.550][SEVERE]: Timed out receiving message from renderer: 0.100
[1584296094.553][SEVERE]: Timed out receiving message from renderer: 0.100
[1584296094.651][SEVERE]: Timed out receiving message from renderer: 0.100
[1584296094.654][SEVERE]: Timed out receiving message from renderer: 0.100
[1584296094.753][SEVERE]: Timed out receiving message from renderer: 0.100
[1584296094.755][SEVERE]: Timed out receiving message from renderer: 0.100
[1584296094.854][SEVERE]: Timed out receiving message from renderer: 0.100
[1584296094.856][SEVERE]: Timed out receiving message from renderer: 0.100
[1584296094.957][SEVERE]: Timed out receiving message from renderer: 0.100
[1584296094.957][SEVERE]: Timed out receiving message from renderer: 0.100
[1584296095.061][SEVERE]: Timed out receiving message from renderer: 0.100
[1584296095.061][SEVERE]: Timed out receiving message from renderer: 0.100
[1584296095.164][SEVERE]: Timed out receiving message f[rom renderer: 0.100
1584296095.164][SEVERE]: Timed out receiving message from renderer: 0.100
[158[1584296095.266][SEVERE]: Timed out receiving message from renderer: 0.100
4296095.266][SEVERE]: Timed out receiving message from renderer: 0.100
[1584296095.368][SEVERE]: Timed out receiving mes[1584296095.368][SEVERE]: Timed out receiving message from renderer: 0.100
sage from renderer: 0.100
[158[1542842996095.471][SEVERE]: Timed out6095.471][SEVERE]: Timed out receiving message from renderer: 0.100
 receiving message from renderer: 0.100
[1584[1584296095.572][SEVERE]: Timed out receiving message fro296095.572][SEVERE]: Timed out receiving message from renderer: 0.100
m renderer: 0.100
[1584296095.674][SEVERE]: Timed out receiving message from renderer: 0.100
[1584296095.675][SEVERE]: Timed out receiving message from renderer: 0.100
[1584296095.778][SEVERE]: Timed out receiving message from renderer: 0.100
[1584296095.787][SEVERE]: Timed out receiving message from renderer: 0.100
[1584296095.880][SEVERE]: Timed out receiving message from renderer: 0.100
[1584296095.889][SEVERE]: Timed out receiving message from renderer: 0.100
[1584296095.981][SEVERE]: Timed out receiving message from renderer: 0.100
[1584296095.991][SEVERE]: Timed out receiving message from renderer: 0.100
[1584296096.083][SEVERE]: Timed out receiving message from renderer: 0.100
[1584296096.092][SEVERE]: Timed out receiving message from renderer: 0.100
[1584296096.185][SEVERE]: Timed out receiving message from renderer: 0.100
[1584296096.194][SEVERE]: Timed out receiving message from renderer: 0.100
[1584296096.286][SEVERE]: Timed out receiving message from renderer: 0.100
[1584296096.295][SEVERE]: Timed out receiving message from renderer: 0.100
[1584296096.388][SEVERE]: Timed out receiving message from renderer: 0.100
[1584296096.396][SEVERE]: Timed out receiving message from renderer: 0.100
[1584296096.489][SEVERE]: Timed out receiving message from renderer: 0.100
[1584296096.498][SEVERE]: Timed out receiving message from renderer: 0.100
[1584296096.591][SEVERE]: Timed out receiving message from renderer: 0.100
[1584296096.600][SEVERE]: Timed out receiving message from renderer: 0.100
[1584296096.693][SEVERE]: Timed out receiving message from renderer: 0.100
[1584296096.702][SEVERE]: Timed out receiving message from renderer: 0.100
[1584296096.795][SEVERE]: Timed out receiving message from renderer: 0.100
[1584296096.805][SEVERE]: Timed out receiving message from renderer: 0.100
[1584296096.898][SEVERE]: Timed out receiving message from renderer: 0.100
[1584296096.907][SEVERE]: Timed out receiving message from renderer: 0.100
[1584296096.999][SEVERE]: Timed out receiving message from renderer: 0.100
[1584296097.008][SEVERE]: Timed out receiving message from renderer: 0.100
[1584296097.101][SEVERE]: Timed out receiving message from renderer: 0.100
[1584296097.110][SEVERE]: Timed out receiving message from renderer: 0.100
[1584296097.202][SEVERE]: Timed out receiving message from renderer: 0.100
[1584296097.212][SEVERE]: Timed out receiving message from renderer: 0.100
[1584296097.304][SEVERE]: Timed out receiving message from renderer: 0.100
[1584296097.314][SEVERE]: Timed out receiving message from renderer: 0.100
[1584296097.406][SEVERE]: Timed out receiving message from renderer: 0.100
[1584296097.417][SEVERE]: Timed out receiving message from renderer: 0.100
[1584296097.508][SEVERE]: Timed out receiving message from renderer: 0.100
[1584296097.518][SEVERE]: Timed out receiving message from renderer: 0.100
[1584296097.611][SEVERE]: Timed out receiving message from renderer: 0.100
[1584296097.620][SEVERE]: Timed out receiving message from renderer: 0.100
[1584296097.712][SEVERE]: Timed out receiving message from renderer: 0.100
[1584296097.722][SEVERE]: Timed out receiving message from renderer: 0.100
[1584296097.814][SEVERE]: Timed out receiving message from renderer: 0.100
[1584296097.823][SEVERE]: Timed out receiving message from renderer: 0.100
[1584296097.915][SEVERE]: Timed out receiving message from renderer: 0.100
[1584296097.925][SEVERE]: Timed out receiving message from renderer: 0.100
[1584296098.017][SEVERE]: Timed out receiving message from renderer: 0.100
[1584296098.028][SEVERE]: Timed out receiving message from renderer: 0.100
[1584296098.130][SEVERE]: Timed out receiving message from renderer: 0.100
[1584296098.233][SEVERE]: Timed out receiving message from renderer: 0.100
[1584296098.278][SEVERE]: Timed out receiving message from renderer: 0.100
[1584296098.334][SEVERE]: Timed out receiving message from renderer: 0.100
[1584296098.380][SEVERE]: Timed out receiving message from renderer: 0.100
[1584296098.435][SEVERE]: Timed out receiving message from renderer: 0.100
[1584296098.481][SEVERE]: Timed out receiving message from renderer: 0.100
[1584296098.538][SEVERE]: Timed out receiving message from renderer: 0.100
[1584296098.583][SEVERE]: Timed out receiving message from renderer: 0.100
[1584296098.641][SEVERE]: Timed out receiving message from renderer: 0.100
[1584296098.684][SEVERE]: Timed out receiving message from renderer: 0.100
[1584296098.742][SEVERE]: Timed out receiving message from renderer: 0.100
[1584296098.787][SEVERE]: Timed out receiving message from renderer: 0.100
[1584296098.844][SEVERE]: Timed out receiving message from renderer: 0.100
[1584296098.889][SEVERE]: Timed out receiving message from renderer: 0.100
[1584296098.945][SEVERE]: Timed out receiving message from renderer: 0.100
[1584296098.990][SEVERE]: Timed out receiving message from renderer: 0.100
[1584296099.048][SEVERE]: Timed out receiving message from renderer: 0.100
[1584296099.092][SEVERE]: Timed out receiving message from renderer: 0.100
[1584296099.151][SEVERE]: Timed out receiving message from renderer: 0.100
[1584296099.196][SEVERE]: Timed out receiving message from renderer: 0.100
[1584296099.253][SEVERE]: Timed out receiving message from renderer: 0.100
[1584296099.297][SEVERE]: Timed out receiving message from renderer: 0.100
[1584296099.356][SEVERE]: Timed out receiving message from renderer: 0.100
[1584296099.400][SEVERE]: Timed out receiving message from renderer: 0.100
[1584296099.459][SEVERE]: Timed out receiving message from renderer: 0.100
[1584296099.500][SEVERE]: Timed out receiving message from renderer: 0.100
[1584296099.561][SEVERE]: Timed out receiving message from renderer: 0.100
[1584296099.603][SEVERE]: Timed out receiving message from renderer: 0.100
[1584296099.662][SEVERE]: Timed out receiving message from renderer: 0.100
[1584296099.704][SEVERE]: Timed out receiving message from renderer: 0.100
[1584296099.764][SEVERE]: Timed out receiving message from renderer: 0.100
[1584296099.806][SEVERE]: Timed out receiving message from renderer: 0.100
[1584296099.865][SEVERE]: Timed out receiving message from renderer: 0.100
[1584296099.909][SEVERE]: Timed out receiving message from renderer: 0.100
[1584296099.966][SEVERE]: Timed out receiving message from renderer: 0.100
[1584296100.011][SEVERE]: Timed out receiving message from renderer: 0.100
[1584296100.069][SEVERE]: Timed out receiving message from renderer: 0.100
[1584296100.113][SEVERE]: Timed out receiving message from renderer: 0.100
[1584296100.214][SEVERE]: Timed out receiving message from renderer: 0.100
[1584296100.279][SEVERE]: Timed out receiving message from renderer: 0.100
[1584296100.318][SEVERE]: Timed out receiving message from renderer: 0.100
[1584296100.381][SEVERE]: Timed out receiving message from renderer: 0.100
[1584296100.419][SEVERE]: Timed out receiving message from renderer: 0.100
[1584296100.482][SEVERE]: Timed out receiving message from renderer: 0.100
[1584296100.521][SEVERE]: Timed out receiving message from renderer: 0.100
[1584296100.584][SEVERE]: Timed out receiving message from renderer: 0.100
[1584296100.623][SEVERE]: Timed out receiving message from renderer: 0.100
[1584296100.685][SEVERE]: Timed out receiving message from renderer: 0.100
[1584296100.724][SEVERE]: Timed out receiving message from renderer: 0.100
[1584296100.788][SEVERE]: Timed out receiving message from renderer: 0.100
[1584296100.826][SEVERE]: Timed out receiving message from renderer: 0.100
[1584296100.889][SEVERE]: Timed out receiving message from renderer: 0.100
[1584296100.927][SEVERE]: Timed out receiving message from renderer: 0.100
[1584296100.990][SEVERE]: Timed out receiving message from renderer: 0.100
[1584296101.029][SEVERE]: Timed out receiving message from renderer: 0.100
[1584296101.092][SEVERE]: Timed out receiving message from renderer: 0.100
[1584296101.130][SEVERE]: Timed out receiving message from renderer: 0.100
[1584296101.193][SEVERE]: Timed out receiving message from renderer: 0.100
[1584296101.232][SEVERE]: Timed out receiving message from renderer: 0.100
[1584296101.296][SEVERE]: Timed out receiving message from renderer: 0.100
[1584296101.333][SEVERE]: Timed out receiving message from renderer: 0.100
[1584296101.397][SEVERE]: Timed out receiving message from renderer: 0.100
[1584296101.436][SEVERE]: Timed out receiving message from renderer: 0.100
[1584296101.537][SEVERE]: Timed out receiving message from renderer: 0.100
[1584296101.576][SEVERE]: Timed out receiving message from renderer: 0.100
[1584296101.639][SEVERE]: Timed out receiving message from renderer: 0.100
[1584296101.677][SEVERE]: Timed out receiving message from renderer: 0.100
[1584296101.741][SEVERE]: Timed out receiving message from renderer: 0.100
[1584296101.778][SEVERE]: Timed out receiving message from renderer: 0.100
[1584296101.880][SEVERE]: Timed out receiving message from renderer: 0.100
[1584296101.981][SEVERE]: Timed out receiving message from renderer: 0.100
[1584296102.083][SEVERE]: Timed out receiving message from renderer: 0.100
[1584296102.185][SEVERE]: Timed out receiving message from renderer: 0.100
[1584296102.286][SEVERE]: Timed out receiving message from renderer: 0.100
[1584296102.387][SEVERE]: Timed out receiving message from renderer: 0.100
[1584296102.489][SEVERE]: Timed out receiving message from renderer: 0.100
[1584296102.591][SEVERE]: Timed out receiving message from renderer: 0.100
[1584296102.692][SEVERE]: Timed out receiving message from renderer: 0.100
[1584296102.794][SEVERE]: Timed out receiving message from renderer: 0.100
[1584296102.896][SEVERE]: Timed out receiving message from renderer: 0.100
[1584296102.997][SEVERE]: Timed out receiving message from renderer: 0.100
[1584296103.099][SEVERE]: Timed out receiving message from renderer: 0.100
[1584296103.200][SEVERE]: Timed out receiving message from renderer: 0.100
[1584296103.301][SEVERE]: Timed out receiving message from renderer: 0.100
[1584296103.403][SEVERE]: Timed out receiving message from renderer: 0.100
[1584296103.506][SEVERE]: Timed out receiving message from renderer: 0.100
[1584296103.665][SEVERE]: Timed out receiving message from renderer: 0.100
[1584296103.767][SEVERE]: Timed out receiving message from renderer: 0.100
[1584296103.868][SEVERE]: Timed out receiving message from renderer: 0.100
[1584296103.969][SEVERE]: Timed out receiving message from renderer: 0.100
[1584296104.071][SEVERE]: Timed out receiving message from renderer: 0.100
[1584296104.173][SEVERE]: Timed out receiving message from renderer: 0.100
[1584296104.274][SEVERE]: Timed out receiving message from renderer: 0.100
[1584296104.376][SEVERE]: Timed out receiving message from renderer: 0.100
[1584296104.477][SEVERE]: Timed out receiving message from renderer: 0.100
[1584296104.579][SEVERE]: Timed out receiving message from renderer: 0.100
[1584296104.681][SEVERE]: Timed out receiving message from renderer: 0.100
[1584296104.783][SEVERE]: Timed out receiving message from renderer: 0.100
[1584296104.884][SEVERE]: Timed out receiving message from renderer: 0.100
[1584296104.985][SEVERE]: Timed out receiving message from renderer: 0.100
[1584296105.087][SEVERE]: Timed out receiving message from renderer: 0.100
[1584296105.189][SEVERE]: Timed out receiving message from renderer: 0.100
[1584296105.291][SEVERE]: Timed out receiving message from renderer: 0.100
[1584296105.393][SEVERE]: Timed out receiving message from renderer: 0.100
[1584296105.495][SEVERE]: Timed out receiving message from renderer: 0.100
[1584296105.597][SEVERE]: Timed out receiving message from renderer: 0.100
[1584296105.698][SEVERE]: Timed out receiving message from renderer: 0.100
[1584296105.800][SEVERE]: Timed out receiving message from renderer: 0.100
[1584296105.901][SEVERE]: Timed out receiving message from renderer: 0.100
[1584296106.003][SEVERE]: Timed out receiving message from renderer: 0.100
[1584296106.105][SEVERE]: Timed out receiving message from renderer: 0.100
[1584296106.356][SEVERE]: Timed out receiving message from renderer: 0.100
[1584296106.458][SEVERE]: Timed out receiving message from renderer: 0.100
[1584296106.560][SEVERE]: Timed out receiving message from renderer: 0.100
[1584296106.661][SEVERE]: Timed out receiving message from renderer: 0.100
[1584296106.763][SEVERE]: Timed out receiving message from renderer: 0.100
[1584296106.865][SEVERE]: Timed out receiving message from renderer: 0.100
[1584296106.967][SEVERE]: Timed out receiving message from renderer: 0.100
[1584296107.068][SEVERE]: Timed out receiving message from renderer: 0.100
[1584296107.300][SEVERE]: Timed out receiving message from renderer: 0.100
[1584296107.402][SEVERE]: Timed out receiving message from renderer: 0.100
[1584296107.504][SEVERE]: Timed out receiving message from renderer: 0.100
[1584296107.627][SEVERE]: Timed out receiving message from renderer: 0.100
[1584296107.729][SEVERE]: Timed out receiving message from renderer: 0.100
[1584296107.831][SEVERE]: Timed out receiving message from renderer: 0.100
[1584296107.932][SEVERE]: Timed out receiving message from renderer: 0.100
[1584296108.034][SEVERE]: Timed out receiving message from renderer: 0.100
[1584296108.136][SEVERE]: Timed out receiving message from renderer: 0.100
[1584296108.238][SEVERE]: Timed out receiving message from renderer: 0.100
[1584296108.339][SEVERE]: Timed out receiving message from renderer: 0.100
[1584296108.442][SEVERE]: Timed out receiving message from renderer: 0.100
[1584296108.544][SEVERE]: Timed out receiving message from renderer: 0.100
[1584296108.646][SEVERE]: Timed out receiving message from renderer: 0.100
[1584296108.747][SEVERE]: Timed out receiving message from renderer: 0.100
[1584296108.859][SEVERE]: Timed out receiving message from renderer: 0.100
[1584296108.961][SEVERE]: Timed out receiving message from renderer: 0.100
[1584296109.062][SEVERE]: Timed out receiving message from renderer: 0.100
[1584296109.164][SEVERE]: Timed out receiving message from renderer: 0.100
[1584296109.265][SEVERE]: Timed out receiving message from renderer: 0.100
[1584296109.367][SEVERE]: Timed out receiving message from renderer: 0.100
[1584296109.469][SEVERE]: Timed out receiving message from renderer: 0.100
[1584296109.571][SEVERE]: Timed out receiving message from renderer: 0.100
[1584296109.674][SEVERE]: Timed out receiving message from renderer: 0.100
[1584296109.775][SEVERE]: Timed out receiving message from renderer: 0.100
[1584296109.877][SEVERE]: Timed out receiving message from renderer: 0.100
[1584296109.979][SEVERE]: Timed out receiving message from renderer: 0.100
[1584296110.081][SEVERE]: Timed out receiving message from renderer: 0.100
[1584296110.183][SEVERE]: Timed out receiving message from renderer: 0.100
[1584296110.285][SEVERE]: Timed out receiving message from renderer: 0.100
[1584296110.387][SEVERE]: Timed out receiving message from renderer: 0.100
[1584296110.489][SEVERE]: Timed out receiving message from renderer: 0.100
[1584296110.590][SEVERE]: Timed out receiving message from renderer: 0.100
[1584296110.692][SEVERE]: Timed out receiving message from renderer: 0.100
[1584296110.860][SEVERE]: Timed out receiving message from renderer: 0.100
[1584296110.961][SEVERE]: Timed out receiving message from renderer: 0.100
[1584296111.063][SEVERE]: Timed out receiving message from renderer: 0.100
[1584296111.165][SEVERE]: Timed out receiving message from renderer: 0.100
[1584296111.266][SEVERE]: Timed out receiving message from renderer: 0.100
[1584296111.368][SEVERE]: Timed out receiving message from renderer: 0.100
[1584296111.470][SEVERE]: Timed out receiving message from renderer: 0.100
[1584296111.572][SEVERE]: Timed out receiving message from renderer: 0.100
[1584296111.673][SEVERE]: Timed out receiving message from renderer: 0.100
[1584296111.775][SEVERE]: Timed out receiving message from renderer: 0.100
[1584296111.876][SEVERE]: Timed out receiving message from renderer: 0.100
[1584296111.977][SEVERE]: Timed out receiving message from renderer: 0.100
[1584296112.079][SEVERE]: Timed out receiving message from renderer: 0.100
[1584296112.181][SEVERE]: Timed out receiving message from renderer: 0.100
[1584296112.284][SEVERE]: Timed out receiving message from renderer: 0.100
[1584296112.385][SEVERE]: Timed out receiving message from renderer: 0.100
[1584296112.487][SEVERE]: Timed out receiving message from renderer: 0.100
[1584296112.588][SEVERE]: Timed out receiving message from renderer: 0.100
[1584296112.690][SEVERE]: Timed out receiving message from renderer: 0.100
[1584296112.792][SEVERE]: Timed out receiving message from renderer: 0.100
[1584296112.893][SEVERE]: Timed out receiving message from renderer: 0.100
[1584296112.995][SEVERE]: Timed out receiving message from renderer: 0.100
[1584296113.098][SEVERE]: Timed out receiving message from renderer: 0.100
[1584296113.199][SEVERE]: Timed out receiving message from renderer: 0.100
[1584296113.301][SEVERE]: Timed out receiving message from renderer: 0.100
[1584296113.404][SEVERE]: Timed out receiving message from renderer: 0.100
[1584296113.506][SEVERE]: Timed out receiving message from renderer: 0.100
[1584296113.607][SEVERE]: Timed out receiving message from renderer: 0.100
[1584296113.708][SEVERE]: Timed out receiving message from renderer: 0.100
[1584296113.811][SEVERE]: Timed out receiving message from renderer: 0.100
[1584296113.914][SEVERE]: Timed out receiving message from renderer: 0.100
[1584296114.015][SEVERE]: Timed out receiving message from renderer: 0.100
[1584296114.155][SEVERE]: Timed out receiving message from renderer: 0.100
[1584296114.256][SEVERE]: Timed out receiving message from renderer: 0.100
[1584296114.357][SEVERE]: Timed out receiving message from renderer: 0.100
[1584296114.471][SEVERE]: Timed out receiving message from renderer: 0.100
[1584296114.574][SEVERE]: Timed out receiving message from renderer: 0.100
[1584296114.676][SEVERE]: Timed out receiving message from renderer: 0.100
[1584296114.777][SEVERE]: Timed out receiving message from renderer: 0.100
[1584296114.879][SEVERE]: Timed out receiving message from renderer: 0.100
[1584296114.980][SEVERE]: Timed out receiving message from renderer: 0.100
[1584296115.106][SEVERE]: Timed out receiving message from renderer: 0.100
[1584296115.208][SEVERE]: Timed out receiving message from renderer: 0.100
[1584296115.309][SEVERE]: Timed out receiving message from renderer: 0.100
[1584296115.410][SEVERE]: Timed out receiving message from renderer: 0.100
[1584296115.512][SEVERE]: Timed out receiving message from renderer: 0.100
[1584296115.613][SEVERE]: Timed out receiving message from renderer: 0.100
[1584296115.716][SEVERE]: Timed out receiving message from renderer: 0.100
[1584296115.817][SEVERE]: Timed out receiving message from renderer: 0.100
[1584296115.919][SEVERE]: Timed out receiving message from renderer: 0.100
[1584296116.021][SEVERE]: Timed out receiving message from renderer: 0.100
[1584296116.123][SEVERE]: Timed out receiving message from renderer: 0.100
[1584296116.224][SEVERE]: Timed out receiving message from renderer: 0.100
[1584296116.327][SEVERE]: Timed out receiving message from renderer: 0.100
[1584296116.430][SEVERE]: Timed out receiving message from renderer: 0.100
[1584296116.532][SEVERE]: Timed out receiving message from renderer: 0.100
[1584296116.634][SEVERE]: Timed out receiving message from renderer: 0.100
[1584296116.735][SEVERE]: Timed out receiving message from renderer: 0.100
[1584296116.837][SEVERE]: Timed out receiving message from renderer: 0.100
[1584296116.939][SEVERE]: Timed out receiving message from renderer: 0.100
[1584296117.042][SEVERE]: Timed out receiving message from renderer: 0.100
[1584296117.144][SEVERE]: Timed out receiving message from renderer: 0.100
[1584296117.246][SEVERE]: Timed out receiving message from renderer: 0.100
[1584296117.349][SEVERE]: Timed out receiving message from renderer: 0.100
[1584296117.450][SEVERE]: Timed out receiving message from renderer: 0.100
[1584296117.551][SEVERE]: Timed out receiving message from renderer: 0.100
[1584296117.653][SEVERE]: Timed out receiving message from renderer: 0.100
[1584296117.754][SEVERE]: Timed out receiving message from renderer: 0.100
[1584296117.855][SEVERE]: Timed out receiving message from renderer: 0.100
[1584296117.956][SEVERE]: Timed out receiving message from renderer: 0.100
[1584296118.058][SEVERE]: Timed out receiving message from renderer: 0.100
[1584296118.160][SEVERE]: Timed out receiving message from renderer: 0.100
[1584296118.261][SEVERE]: Timed out receiving message from renderer: 0.100
[1584296118.432][SEVERE]: Timed out receiving message from renderer: 0.100
[1584296118.534][SEVERE]: Timed out receiving message from renderer: 0.100
[1584296118.636][SEVERE]: Timed out receiving message from renderer: 0.100
[1584296118.814][SEVERE]: Timed out receiving message from renderer: 0.100
[1584296118.916][SEVERE]: Timed out receiving message from renderer: 0.100
[1584296119.017][SEVERE]: Timed out receiving message from renderer: 0.100
[1584296119.119][SEVERE]: Timed out receiving message from renderer: 0.100
[1584296119.295][SEVERE]: Timed out receiving message from renderer: 0.100
[1584296119.399][SEVERE]: Timed out receiving message from renderer: 0.100
[1584296119.501][SEVERE]: Timed out receiving message from renderer: 0.100
[1584296119.602][SEVERE]: Timed out receiving message from renderer: 0.100
[1584296119.704][SEVERE]: Timed out receiving message from renderer: 0.100
[1584296119.806][SEVERE]: Timed out receiving message from renderer: 0.100
[1584296119.908][SEVERE]: Timed out receiving message from renderer: 0.100
[1584296120.009][SEVERE]: Timed out receiving message from renderer: 0.100
[1584296120.111][SEVERE]: Timed out receiving message from renderer: 0.100
[1584296120.212][SEVERE]: Timed out receiving message from renderer: 0.100
[1584296120.313][SEVERE]: Timed out receiving message from renderer: 0.100
[1584296120.414][SEVERE]: Timed out receiving message from renderer: 0.100
[1584296120.516][SEVERE]: Timed out receiving message from renderer: 0.100
[1584296120.618][SEVERE]: Timed out receiving message from renderer: 0.100
[1584296120.719][SEVERE]: Timed out receiving message from renderer: 0.100
[1584296120.820][SEVERE]: Timed out receiving message from renderer: 0.100
[1584296120.922][SEVERE]: Timed out receiving message from renderer: 0.100
[1584296121.024][SEVERE]: Timed out receiving message from renderer: 0.100
[1584296121.125][SEVERE]: Timed out receiving message from renderer: 0.100
[1584296121.227][SEVERE]: Timed out receiving message from renderer: 0.100
[1584296121.329][SEVERE]: Timed out receiving message from renderer: 0.100
[1584296121.431][SEVERE]: Timed out receiving message from renderer: 0.100
[1584296121.532][SEVERE]: Timed out receiving message from renderer: 0.100
[1584296121.634][SEVERE]: Timed out receiving message from renderer: 0.100
[1584296121.735][SEVERE]: Timed out receiving message from renderer: 0.100
[1584296121.836][SEVERE]: Timed out receiving message from renderer: 0.100
[1584296121.938][SEVERE]: Timed out receiving message from renderer: 0.100
[1584296122.040][SEVERE]: Timed out receiving message from renderer: 0.100
[1584296122.141][SEVERE]: Timed out receiving message from renderer: 0.100
[1584296122.243][SEVERE]: Timed out receiving message from renderer: 0.100
[1584296122.345][SEVERE]: Timed out receiving message from renderer: 0.100
[1584296122.447][SEVERE]: Timed out receiving message from renderer: 0.100
[1584296122.548][SEVERE]: Timed out receiving message from renderer: 0.100
[1584296122.649][SEVERE]: Timed out receiving message from renderer: 0.100
[1584296122.751][SEVERE]: Timed out receiving message from renderer: 0.100
[1584296122.852][SEVERE]: Timed out receiving message from renderer: 0.100
[1584296122.953][SEVERE]: Timed out receiving message from renderer: 0.100
[1584296123.055][SEVERE]: Timed out receiving message from renderer: 0.100
[1584296123.156][SEVERE]: Timed out receiving message from renderer: 0.100
[1584296123.258][SEVERE]: Timed out receiving message from renderer: 0.100
[1584296123.359][SEVERE]: Timed out receiving message from renderer: 0.100
[1584296123.461][SEVERE]: Timed out receiving message from renderer: 0.100
[1584296123.563][SEVERE]: Timed out receiving message from renderer: 0.100
[1584296123.664][SEVERE]: Timed out receiving message from renderer: 0.100
[1584296123.765][SEVERE]: Timed out receiving message from renderer: 0.100
[1584296123.867][SEVERE]: Timed out receiving message from renderer: 0.100
[1584296123.968][SEVERE]: Timed out receiving message from renderer: 0.100
[1584296124.071][SEVERE]: Timed out receiving message from renderer: 0.100
[1584296124.172][SEVERE]: Timed out receiving message from renderer: 0.100
[1584296124.273][SEVERE]: Timed out receiving message from renderer: 0.100
[1584296124.375][SEVERE]: Timed out receiving message from renderer: 0.100
[1584296124.477][SEVERE]: Timed out receiving message from renderer: 0.100
[1584296124.579][SEVERE]: Timed out receiving message from renderer: 0.100
[1584296124.681][SEVERE]: Timed out receiving message from renderer: 0.100
[1584296124.783][SEVERE]: Timed out receiving message from renderer: 0.100
[1584296124.886][SEVERE]: Timed out receiving message from renderer: 0.100
[1584296125.014][SEVERE]: Timed out receiving message from renderer: 0.100
[1584296125.116][SEVERE]: Timed out receiving message from renderer: 0.100
[1584296125.217][SEVERE]: Timed out receiving message from renderer: 0.100
[1584296125.319][SEVERE]: Timed out receiving message from renderer: 0.100
[1584296125.420][SEVERE]: Timed out receiving message from renderer: 0.100
[1584296125.522][SEVERE]: Timed out receiving message from renderer: 0.100
[1584296125.623][SEVERE]: Timed out receiving message from renderer: 0.100
[1584296125.725][SEVERE]: Timed out receiving message from renderer: 0.100
[1584296125.826][SEVERE]: Timed out receiving message from renderer: 0.100
[1584296125.927][SEVERE]: Timed out receiving message from renderer: 0.100
[1584296126.030][SEVERE]: Timed out receiving message from renderer: 0.100
[1584296126.131][SEVERE]: Timed out receiving message from renderer: 0.100
[1584296126.301][SEVERE]: Timed out receiving message from renderer: 0.100
[1584296126.403][SEVERE]: Timed out receiving message from renderer: 0.100
[1584296126.504][SEVERE]: Timed out receiving message from renderer: 0.100
[1584296126.605][SEVERE]: Timed out receiving message from renderer: 0.100
[1584296126.707][SEVERE]: Timed out receiving message from renderer: 0.100
[1584296126.809][SEVERE]: Timed out receiving message from renderer: 0.100
[1584296126.912][SEVERE]: Timed out receiving message from renderer: 0.100
[1584296127.013][SEVERE]: Timed out receiving message from renderer: 0.100
[1584296127.114][SEVERE]: Timed out receiving message from renderer: 0.100
[1584296127.216][SEVERE]: Timed out receiving message from renderer: 0.100
[1584296127.318][SEVERE]: Timed out receiving message from renderer: 0.100
[1584296127.419][SEVERE]: Timed out receiving message from renderer: 0.100
[1584296127.521][SEVERE]: Timed out receiving message from renderer: 0.100
[1584296127.622][SEVERE]: Timed out receiving message from renderer: 0.100
[1584296127.724][SEVERE]: Timed out receiving message from renderer: 0.100
[1584296127.825][SEVERE]: Timed out receiving message from renderer: 0.100
[1584296127.926][SEVERE]: Timed out receiving message from renderer: 0.100
[1584296128.028][SEVERE]: Timed out receiving message from renderer: 0.100
[1584296128.130][SEVERE]: Timed out receiving message from renderer: 0.100
[1584296128.231][SEVERE]: Timed out receiving message from renderer: 0.100
[1584296128.333][SEVERE]: Timed out receiving message from renderer: 0.100
[1584296128.434][SEVERE]: Timed out receiving message from renderer: 0.100
[1584296128.536][SEVERE]: Timed out receiving message from renderer: 0.100
[1584296128.637][SEVERE]: Timed out receiving message from renderer: 0.100
[1584296128.740][SEVERE]: Timed out receiving message from renderer: 0.100
[1584296128.842][SEVERE]: Timed out receiving message from renderer: 0.100
[1584296128.943][SEVERE]: Timed out receiving message from renderer: 0.100
[1584296129.045][SEVERE]: Timed out receiving message from renderer: 0.100
[1584296129.146][SEVERE]: Timed out receiving message from renderer: 0.100
[1584296129.247][SEVERE]: Timed out receiving message from renderer: 0.100
[1584296129.348][SEVERE]: Timed out receiving message from renderer: 0.100
[1584296129.450][SEVERE]: Timed out receiving message from renderer: 0.100
[1584296129.607][SEVERE]: Timed out receiving message from renderer: 0.100
[1584296129.709][SEVERE]: Timed out receiving message from renderer: 0.100
[1584296129.810][SEVERE]: Timed out receiving message from renderer: 0.100
[1584296129.912][SEVERE]: Timed out receiving message from renderer: 0.100
[1584296130.013][SEVERE]: Timed out receiving message from renderer: 0.100
[1584296130.115][SEVERE]: Timed out receiving message from renderer: 0.100
[1584296130.217][SEVERE]: Timed out receiving message from renderer: 0.100
[1584296130.319][SEVERE]: Timed out receiving message from renderer: 0.100
[1584296130.420][SEVERE]: Timed out receiving message from renderer: 0.100
[1584296130.522][SEVERE]: Timed out receiving message from renderer: 0.100
[1584296130.624][SEVERE]: Timed out receiving message from renderer: 0.100
[1584296130.726][SEVERE]: Timed out receiving message from renderer: 0.100
[1584296130.827][SEVERE]: Timed out receiving message from renderer: 0.100
</system-err>
  </testcase>
  <testcase name="GOOGLE0" classname="com.FirstTest" time="277.756"/>
</testsuite>